<?xml version="1.0" encoding="UTF-8"?>
<!-- Generated by org.testng.reporters.JUnitXMLReporter -->
<testsuite ignored="0" hostname="DESKTOP-VCQ06ME" failures="0" tests="3" name="Default test" time="4.043" errors="0" timestamp="2024-09-05T13:29:00 IST">
  <testcase classname="restassured.rest.com.DynamicJson" name="addBook" time="2.619"/>
  <testcase classname="restassured.rest.com.DynamicJson" name="addBook" time="0.187"/>
  <testcase classname="restassured.rest.com.DynamicJson" name="addBook" time="1.166"/>
</testsuite> <!-- Default test -->
