<?xml version="1.0" encoding="UTF-8"?>
<testng-results ignored="0" total="3" passed="3" failed="0" skipped="0">
  <reporter-output>
  </reporter-output>
  <suite started-at="2024-09-05T13:28:55 IST" name="Default suite" finished-at="2024-09-05T13:29:00 IST" duration-ms="4043">
    <groups>
    </groups>
    <test started-at="2024-09-05T13:28:55 IST" name="Default test" finished-at="2024-09-05T13:29:00 IST" duration-ms="4043">
      <class name="restassured.rest.com.DynamicJson">
        <test-method signature="addBook(java.lang.String,java.lang.String)[pri:0, instance:restassured.rest.com.DynamicJson@750e2b97]" started-at="2024-09-05T13:28:56 IST" name="addBook" data-provider="BookData" finished-at="2024-09-05T13:28:58 IST" duration-ms="2619" status="PASS">
          <params>
            <param index="0">
              <value>
                <![CDATA[abcd]]>
              </value>
            </param>
            <param index="1">
              <value>
                <![CDATA[13456]]>
              </value>
            </param>
          </params>
          <reporter-output>
          </reporter-output>
        </test-method> <!-- addBook -->
        <test-method signature="addBook(java.lang.String,java.lang.String)[pri:0, instance:restassured.rest.com.DynamicJson@750e2b97]" started-at="2024-09-05T13:28:58 IST" name="addBook" data-provider="BookData" finished-at="2024-09-05T13:28:58 IST" duration-ms="187" status="PASS">
          <params>
            <param index="0">
              <value>
                <![CDATA[defa]]>
              </value>
            </param>
            <param index="1">
              <value>
                <![CDATA[45621]]>
              </value>
            </param>
          </params>
          <reporter-output>
          </reporter-output>
        </test-method> <!-- addBook -->
        <test-method signature="addBook(java.lang.String,java.lang.String)[pri:0, instance:restassured.rest.com.DynamicJson@750e2b97]" started-at="2024-09-05T13:28:58 IST" name="addBook" data-provider="BookData" finished-at="2024-09-05T13:29:00 IST" duration-ms="1166" status="PASS">
          <params>
            <param index="0">
              <value>
                <![CDATA[deef]]>
              </value>
            </param>
            <param index="1">
              <value>
                <![CDATA[45417]]>
              </value>
            </param>
          </params>
          <reporter-output>
          </reporter-output>
        </test-method> <!-- addBook -->
      </class> <!-- restassured.rest.com.DynamicJson -->
    </test> <!-- Default test -->
  </suite> <!-- Default suite -->
</testng-results>
